<?xml version="1.0" encoding="UTF-8"?>
<!-- Generated by org.testng.reporters.JUnitXMLReporter -->
<testsuite hostname="MBP-173347" ignored="0" name="Wrong End Point" tests="1" failures="1" timestamp="2021-12-17T23:19:19 IST" time="2.595" errors="0">
  <testcase name="wrongEndPoint" time="2.062" classname="SanitySuite.FirstTest">
    <failure type="java.lang.AssertionError" message="
Expected: null
     but: was &amp;lt;ErrorCodePojo(message=Not Found, code=404)&amp;gt;">
      <![CDATA[java.lang.AssertionError: 
Expected: null
     but: was <ErrorCodePojo(message=Not Found, code=404)>
at org.hamcrest.MatcherAssert.assertThat(MatcherAssert.java:20)
at org.hamcrest.MatcherAssert.assertThat(MatcherAssert.java:6)
at Util.ResponseValidator.AssertNoError(ResponseValidator.java:22)
at Util.ActionBot.getWithNoErrors(ActionBot.java:15)
at SanitySuite.FirstTest.wrongEndPoint(FirstTest.java:23)
at java.util.ArrayList.forEach(ArrayList.java:1259)
... Removed 36 stack frames]]>
    </failure>
  </testcase> <!-- wrongEndPoint -->
</testsuite> <!-- Wrong End Point -->
